# JRE version: OpenJDK Runtime Environment (17.0.6) (build 17.0.6+0-b2043.56-10027231)
# Java VM: OpenJDK 64-Bit Server VM (17.0.6+0-b2043.56-10027231, mixed mode, tiered, compressed oops, compressed class ptrs, g1 gc, windows-amd64)
GC Precious Log:
 CPUs: 4 total, 4 available
 Memory: 7998M
 Large Page Support: Disabled
 NUMA Support: Disabled
 Compressed Oops: Enabled (32-bit)
 Heap Region Size: 1M
 Heap Min Capacity: 8M
 Heap Initial Capacity: 126M
 Heap Max Capacity: 2000M
 Pre-touch: Disabled
 Parallel Workers: 4
 Concurrent Workers: 1
 Concurrent Refinement Workers: 4
 Periodic GC: Disabled
Heap:
 garbage-first heap   total 311296K, used 182387K [0x0000000083000000, 0x0000000100000000)
  region size 1024K, 6 young (6144K), 6 survivors (6144K)
 Metaspace       used 96266K, committed 96704K, reserved 1138688K
  class space    used 10006K, committed 10240K, reserved 1048576K
GC Heap History (20 events):
Event: 17.978 GC heap after
{Heap after GC invocations=33 (full 0):
 garbage-first heap   total 311296K, used 99934K [0x0000000083000000, 0x0000000100000000)
  region size 1024K, 15 young (15360K), 15 survivors (15360K)
 Metaspace       used 65655K, committed 65920K, reserved 1114112K
  class space    used 7366K, committed 7488K, reserved 1048576K
}
Event: 18.007 GC heap before
{Heap before GC invocations=33 (full 0):
 garbage-first heap   total 311296K, used 100958K [0x0000000083000000, 0x0000000100000000)
  region size 1024K, 16 young (16384K), 15 survivors (15360K)
 Metaspace       used 65659K, committed 65920K, reserved 1114112K
  class space    used 7366K, committed 7488K, reserved 1048576K
}
Event: 18.022 GC heap after
{Heap after GC invocations=34 (full 0):
 garbage-first heap   total 311296K, used 101141K [0x0000000083000000, 0x0000000100000000)
  region size 1024K, 2 young (2048K), 2 survivors (2048K)
 Metaspace       used 65659K, committed 65920K, reserved 1114112K
  class space    used 7366K, committed 7488K, reserved 1048576K
}
Event: 21.333 GC heap before
{Heap before GC invocations=34 (full 0):
 garbage-first heap   total 311296K, used 234261K [0x0000000083000000, 0x0000000100000000)
  region size 1024K, 132 young (135168K), 2 survivors (2048K)
 Metaspace       used 69206K, committed 69568K, reserved 1114112K
  class space    used 7693K, committed 7872K, reserved 1048576K
}
Event: 21.344 GC heap after
{Heap after GC invocations=35 (full 0):
 garbage-first heap   total 311296K, used 105683K [0x0000000083000000, 0x0000000100000000)
  region size 1024K, 9 young (9216K), 9 survivors (9216K)
 Metaspace       used 69206K, committed 69568K, reserved 1114112K
  class space    used 7693K, committed 7872K, reserved 1048576K
}
Event: 23.932 GC heap before
{Heap before GC invocations=35 (full 0):
 garbage-first heap   total 311296K, used 238803K [0x0000000083000000, 0x0000000100000000)
  region size 1024K, 139 young (142336K), 9 survivors (9216K)
 Metaspace       used 76995K, committed 77376K, reserved 1122304K
  class space    used 8448K, committed 8640K, reserved 1048576K
}
Event: 23.982 GC heap after
{Heap after GC invocations=36 (full 0):
 garbage-first heap   total 311296K, used 126922K [0x0000000083000000, 0x0000000100000000)
  region size 1024K, 18 young (18432K), 18 survivors (18432K)
 Metaspace       used 76995K, committed 77376K, reserved 1122304K
  class space    used 8448K, committed 8640K, reserved 1048576K
}
Event: 25.804 GC heap before
{Heap before GC invocations=36 (full 0):
 garbage-first heap   total 311296K, used 239562K [0x0000000083000000, 0x0000000100000000)
  region size 1024K, 128 young (131072K), 18 survivors (18432K)
 Metaspace       used 81082K, committed 81472K, reserved 1122304K
  class space    used 8841K, committed 9024K, reserved 1048576K
}
Event: 25.862 GC heap after
{Heap after GC invocations=37 (full 0):
 garbage-first heap   total 311296K, used 154005K [0x0000000083000000, 0x0000000100000000)
  region size 1024K, 16 young (16384K), 16 survivors (16384K)
 Metaspace       used 81082K, committed 81472K, reserved 1122304K
  class space    used 8841K, committed 9024K, reserved 1048576K
}
Event: 28.110 GC heap before
{Heap before GC invocations=37 (full 0):
 garbage-first heap   total 311296K, used 241045K [0x0000000083000000, 0x0000000100000000)
  region size 1024K, 101 young (103424K), 16 survivors (16384K)
 Metaspace       used 89242K, committed 89664K, reserved 1130496K
  class space    used 9565K, committed 9792K, reserved 1048576K
}
Event: 28.134 GC heap after
{Heap after GC invocations=38 (full 0):
 garbage-first heap   total 311296K, used 159690K [0x0000000083000000, 0x0000000100000000)
  region size 1024K, 6 young (6144K), 6 survivors (6144K)
 Metaspace       used 89242K, committed 89664K, reserved 1130496K
  class space    used 9565K, committed 9792K, reserved 1048576K
}
Event: 29.902 GC heap before
{Heap before GC invocations=38 (full 0):
 garbage-first heap   total 311296K, used 245706K [0x0000000083000000, 0x0000000100000000)
  region size 1024K, 90 young (92160K), 6 survivors (6144K)
 Metaspace       used 92181K, committed 92608K, reserved 1138688K
  class space    used 9778K, committed 9984K, reserved 1048576K
}
Event: 29.917 GC heap after
{Heap after GC invocations=39 (full 0):
 garbage-first heap   total 311296K, used 163046K [0x0000000083000000, 0x0000000100000000)
  region size 1024K, 9 young (9216K), 9 survivors (9216K)
 Metaspace       used 92181K, committed 92608K, reserved 1138688K
  class space    used 9778K, committed 9984K, reserved 1048576K
}
Event: 31.713 GC heap before
{Heap before GC invocations=39 (full 0):
 garbage-first heap   total 311296K, used 251110K [0x0000000083000000, 0x0000000100000000)
  region size 1024K, 95 young (97280K), 9 survivors (9216K)
 Metaspace       used 95818K, committed 96192K, reserved 1138688K
  class space    used 10002K, committed 10176K, reserved 1048576K
}
Event: 31.739 GC heap after
{Heap after GC invocations=40 (full 0):
 garbage-first heap   total 311296K, used 169607K [0x0000000083000000, 0x0000000100000000)
  region size 1024K, 10 young (10240K), 10 survivors (10240K)
 Metaspace       used 95818K, committed 96192K, reserved 1138688K
  class space    used 10002K, committed 10176K, reserved 1048576K
}
Event: 32.452 GC heap before
{Heap before GC invocations=40 (full 0):
 garbage-first heap   total 311296K, used 254599K [0x0000000083000000, 0x0000000100000000)
  region size 1024K, 93 young (95232K), 10 survivors (10240K)
 Metaspace       used 96178K, committed 96576K, reserved 1138688K
  class space    used 10006K, committed 10240K, reserved 1048576K
}
Event: 32.471 GC heap after
{Heap after GC invocations=41 (full 0):
 garbage-first heap   total 311296K, used 174392K [0x0000000083000000, 0x0000000100000000)
  region size 1024K, 11 young (11264K), 11 survivors (11264K)
 Metaspace       used 96178K, committed 96576K, reserved 1138688K
  class space    used 10006K, committed 10240K, reserved 1048576K
}
Event: 32.742 GC heap before
{Heap before GC invocations=41 (full 0):
 garbage-first heap   total 311296K, used 257336K [0x0000000083000000, 0x0000000100000000)
  region size 1024K, 92 young (94208K), 11 survivors (11264K)
 Metaspace       used 96212K, committed 96640K, reserved 1138688K
  class space    used 10006K, committed 10240K, reserved 1048576K
}
Event: 32.758 GC heap after
{Heap after GC invocations=42 (full 0):
 garbage-first heap   total 311296K, used 179522K [0x0000000083000000, 0x0000000100000000)
  region size 1024K, 11 young (11264K), 11 survivors (11264K)
 Metaspace       used 96212K, committed 96640K, reserved 1138688K
  class space    used 10006K, committed 10240K, reserved 1048576K
}
Event: 33.167 GC heap before
{Heap before GC invocations=42 (full 0):
 garbage-first heap   total 311296K, used 257346K [0x0000000083000000, 0x0000000100000000)
  region size 1024K, 87 young (89088K), 11 survivors (11264K)
 Metaspace       used 96266K, committed 96704K, reserved 1138688K
  class space    used 10006K, committed 10240K, reserved 1048576K
}

